<?xml version="1.0" encoding="UTF-8"?>
<!-- Generated by org.testng.reporters.JUnitReportReporter -->
<testsuite hostname="Z1-471" failures="0" tests="1" name="com.crm.practice1.Base$Baseclass" time="0.090" errors="0" timestamp="2022-05-03T12:17:54 IST" skipped="0">
  <testcase classname="com.crm.practice1.Base$Baseclass" name="test1" time="0.090"/>
  <system-out/>
</testsuite> <!-- com.crm.practice1.Base$Baseclass -->
