<?xml version="1.0" encoding="UTF-8"?>
<!-- Generated by org.testng.reporters.JUnitReportReporter -->
<testsuite hostname="Z1-471" failures="0" tests="4" name="com.crm.practice1.Sampleinvocation" time="0.050" errors="0" timestamp="2022-05-03T14:31:36 IST" skipped="0">
  <testcase classname="com.crm.practice1.Sampleinvocation" name="SignupTest" time="0.010"/>
  <system-out/>
  <testcase classname="com.crm.practice1.Sampleinvocation" name="LoginTest" time="0.023"/>
  <system-out/>
  <testcase classname="com.crm.practice1.Sampleinvocation" name="SignupTest" time="0.009"/>
  <system-out/>
  <testcase classname="com.crm.practice1.Sampleinvocation" name="LoginTest" time="0.008"/>
  <system-out/>
</testsuite> <!-- com.crm.practice1.Sampleinvocation -->
