<?xml version="1.0" encoding="UTF-8"?>
<!-- Generated by org.testng.reporters.JUnitReportReporter -->
<testsuite hostname="Z1-471" failures="0" tests="6" name="com.crm.comcost.OrgTest.Createorganizationswithdataprovider" time="262.640" errors="0" timestamp="2022-05-04T22:37:25 IST" skipped="0">
  <testcase classname="com.crm.comcost.OrgTest.Createorganizationswithdataprovider" name="createorgTest" time="33.121"/>
  <system-out/>
  <testcase classname="com.crm.comcost.OrgTest.Createorganizationswithdataprovider" name="createorgTest" time="73.297"/>
  <system-out/>
  <testcase classname="com.crm.comcost.OrgTest.Createorganizationswithdataprovider" name="createorgTest" time="33.137"/>
  <system-out/>
  <testcase classname="com.crm.comcost.OrgTest.Createorganizationswithdataprovider" name="createorgTest" time="52.225"/>
  <system-out/>
  <testcase classname="com.crm.comcost.OrgTest.Createorganizationswithdataprovider" name="createorgTest" time="34.525"/>
  <system-out/>
  <testcase classname="com.crm.comcost.OrgTest.Createorganizationswithdataprovider" name="createorgTest" time="36.335"/>
  <system-out/>
</testsuite> <!-- com.crm.comcost.OrgTest.Createorganizationswithdataprovider -->
