<?xml version="1.0" encoding="UTF-8"?>
<!-- Generated by org.testng.reporters.JUnitReportReporter -->
<testsuite hostname="Z1-471" failures="0" tests="1" name="com.crm.practice1.Baseclass1" time="0.011" errors="0" timestamp="2022-05-03T14:13:32 IST" skipped="0">
  <testcase classname="com.crm.practice1.Baseclass1" name="test2" time="0.011"/>
  <system-out/>
</testsuite> <!-- com.crm.practice1.Baseclass1 -->
