<?xml version="1.0" encoding="UTF-8"?>
<!-- Generated by org.testng.reporters.JUnitReportReporter -->
<testsuite hostname="Z1-471" failures="0" tests="3" name="com.crm.practice1.SampleDepends" time="0.062" errors="0" timestamp="2022-05-03T14:29:13 IST" skipped="0">
  <testcase classname="com.crm.practice1.SampleDepends" name="SignupTest" time="0.022"/>
  <system-out/>
  <testcase classname="com.crm.practice1.SampleDepends" name="HomepageTest" time="0.027"/>
  <system-out/>
  <testcase classname="com.crm.practice1.SampleDepends" name="LoginTest" time="0.013"/>
  <system-out/>
</testsuite> <!-- com.crm.practice1.SampleDepends -->
