<?xml version="1.0" encoding="UTF-8"?>
<!-- Generated by org.testng.reporters.JUnitReportReporter -->
<testsuite hostname="Z1-471" failures="0" tests="2" name="com.crm.comcast.contactsTest.Editanddeletecontactpom" time="93.763" errors="0" timestamp="2022-05-06T15:31:50 IST" skipped="0">
  <testcase classname="com.crm.comcast.contactsTest.Editanddeletecontactpom" name="edicontactTest" time="39.142"/>
  <system-out/>
  <testcase classname="com.crm.comcast.contactsTest.Editanddeletecontactpom" name="deletecontactTest" time="54.621"/>
  <system-out/>
</testsuite> <!-- com.crm.comcast.contactsTest.Editanddeletecontactpom -->
