<?xml version="1.0" encoding="UTF-8"?>
<!-- Generated by org.testng.reporters.JUnitReportReporter -->
<testsuite hostname="Z1-471" failures="0" tests="2" name="com.crm.practice1.Homepageverify" time="45.869" errors="0" timestamp="2022-05-06T15:11:55 IST" skipped="0">
  <testcase classname="com.crm.practice1.Homepageverify" name="verifytitle" time="20.866"/>
  <system-out/>
  <testcase classname="com.crm.practice1.Homepageverify" name="verifyhome" time="25.003"/>
  <system-out/>
</testsuite> <!-- com.crm.practice1.Homepageverify -->
