<?xml version="1.0" encoding="UTF-8"?>
<!-- Generated by org.testng.reporters.JUnitReportReporter -->
<testsuite hostname="Z1-471" failures="0" tests="1" name="com.crm.comcast.contactsTest.Createcontactpom" time="103.406" errors="0" timestamp="2022-05-11T10:59:46 IST" skipped="0">
  <testcase classname="com.crm.comcast.contactsTest.Createcontactpom" name="createnewcontactTest" time="103.406"/>
  <system-out/>
</testsuite> <!-- com.crm.comcast.contactsTest.Createcontactpom -->
