<?xml version="1.0" encoding="UTF-8"?>
<!-- Generated by org.testng.reporters.JUnitReportReporter -->
<testsuite hostname="Z1-471" failures="0" tests="3" name="com.crm.practice1.Samplepriority" time="0.076" errors="0" timestamp="2022-05-03T14:24:07 IST" skipped="0">
  <testcase classname="com.crm.practice1.Samplepriority" name="SignupTest" time="0.023"/>
  <system-out/>
  <testcase classname="com.crm.practice1.Samplepriority" name="LoginTest" time="0.011"/>
  <system-out/>
  <testcase classname="com.crm.practice1.Samplepriority" name="HomepageTest" time="0.042"/>
  <system-out/>
</testsuite> <!-- com.crm.practice1.Samplepriority -->
